<?xml version="1.0" encoding="UTF-8"?>
<!-- Generated by org.testng.reporters.JUnitReportReporter -->
<testsuite hostname="DESKTOP-323PRUK" failures="0" tests="2" name="com.test.verifyfbTc001" time="44.027" errors="0" timestamp="2022-05-26T19:25:09 IST" skipped="0">
  <testcase classname="com.test.verifyfbTc001" name="verifykohl" time="15.727"/>
  <system-out/>
  <testcase classname="com.test.verifyfbTc001" name="verifykohl" time="28.300"/>
  <system-out/>
</testsuite> <!-- com.test.verifyfbTc001 -->
