<?xml version="1.0" encoding="UTF-8"?>
<!-- Generated by org.testng.reporters.JUnitReportReporter -->
<testsuite hostname="DESKTOP-323PRUK" failures="0" tests="2" name="com.Test.verifyorange" time="40.451" errors="0" timestamp="2022-06-27T12:19:01 IST" skipped="0">
  <testcase classname="com.Test.verifyorange" name="verifyorange_tc001" time="15.351"/>
  <system-out/>
  <testcase classname="com.Test.verifyorange" name="verifyorange_tc001" time="25.100"/>
  <system-out/>
</testsuite> <!-- com.Test.verifyorange -->
