<?xml version="1.0" encoding="UTF-8"?>
<!-- Generated by org.testng.reporters.JUnitReportReporter -->
<testsuite hostname="DESKTOP-323PRUK" failures="0" tests="2" name="com.Test.verifyorange" time="66.166" errors="0" timestamp="2022-05-03T22:16:09 IST" skipped="0">
  <testcase classname="com.Test.verifyorange" name="verifyorange_tc001" time="30.661"/>
  <system-out/>
  <testcase classname="com.Test.verifyorange" name="verifyorange_tc001" time="35.505"/>
  <system-out/>
</testsuite> <!-- com.Test.verifyorange -->
