<?xml version="1.0" encoding="UTF-8"?>
<!-- Generated by org.testng.reporters.JUnitReportReporter -->
<testsuite hostname="DESKTOP-323PRUK" failures="0" tests="2" name="com.test.verifyfbTc001" time="99.955" errors="0" timestamp="2022-06-27T12:42:21 IST" skipped="0">
  <testcase classname="com.test.verifyfbTc001" name="verifykohl" time="24.124"/>
  <system-out/>
  <testcase classname="com.test.verifyfbTc001" name="verifykohl" time="75.831"/>
  <system-out/>
</testsuite> <!-- com.test.verifyfbTc001 -->
